<?xml version="1.0" encoding="UTF-8"?>
<!-- Generated by org.testng.reporters.JUnitXMLReporter -->
<testsuite ignored="0" hostname="LP-214845099" failures="2" tests="26" name="Test" time="184.537" errors="0" timestamp="2023-06-30T17:54:40 IST">
  <testcase classname="testcases.GroceryHomePageTest" name="verifyHomePageTitleTest" time="0.048"/>
  <testcase classname="testcases.GroceryHomePageTest" name="verifyGroceryOnHomePage" time="0.114"/>
  <testcase classname="testcases.GroceryHomePageTest" name="clickOnGroceryTest" time="3.282"/>
  <testcase classname="testcases.GroceryHomePageTest" name="enterLocationPinCode" time="0.152"/>
  <testcase classname="testcases.GroceryHomePageTest" name="submitLocation" time="0.438"/>
  <testcase classname="testcases.GroceryHomePageTest" name="loginTest" time="14.494"/>
  <testcase classname="testcases.GroceryHomePageTest" name="closeTest" time="7.598"/>
  <testcase classname="testcases.DalPulsesTest" name="searchBarElementsTest" time="0.182"/>
  <testcase classname="testcases.DalPulsesTest" name="clickOnSearchIconTest" time="0.116"/>
  <testcase classname="testcases.DalPulsesTest" name="verifySearchElementPageTest" time="0.017">
    <failure type="java.lang.AssertionError" message="expected [Toordal- Buy Products Online at Best Price in India - All Categories | Flipkart.com] but found [Flipkart Grocery Store - Buy Groceries Online &amp;amp; Get Rs.1 Deals at Flipkart.com]">
      <![CDATA[java.lang.AssertionError: expected [Toordal- Buy Products Online at Best Price in India - All Categories | Flipkart.com] but found [Flipkart Grocery Store - Buy Groceries Online & Get Rs.1 Deals at Flipkart.com]
at testcases.DalPulsesTest.verifySearchElementPageTest(DalPulsesTest.java:45)
at java.base/java.util.ArrayList.forEach(ArrayList.java:1511)
... Removed 33 stack frames]]>
    </failure>
  </testcase> <!-- verifySearchElementPageTest -->
  <testcase classname="testcases.DalPulsesTest" name="clickableProductTest" time="1.228"/>
  <testcase classname="testcases.DalPulsesTest" name="navigateToPDPTest" time="2.494">
    <failure type="java.lang.AssertionError" message="expected [Dehaat Honest Farms Toor/Arhar Dal (Split) Price in India - Buy Dehaat Honest Farms Toor/Arhar Dal (Split) online at Flipkart.com:] but found [Dehaat Honest Farms Toor/Arhar Dal (Split) Price in India - Buy Dehaat Honest Farms Toor/Arhar Dal (Split) online at Flipkart.com]">
      <![CDATA[java.lang.AssertionError: expected [Dehaat Honest Farms Toor/Arhar Dal (Split) Price in India - Buy Dehaat Honest Farms Toor/Arhar Dal (Split) online at Flipkart.com:] but found [Dehaat Honest Farms Toor/Arhar Dal (Split) Price in India - Buy Dehaat Honest Farms Toor/Arhar Dal (Split) online at Flipkart.com]
at testcases.DalPulsesTest.navigateToPDPTest(DalPulsesTest.java:73)
at java.base/java.util.ArrayList.forEach(ArrayList.java:1511)
... Removed 33 stack frames]]>
    </failure>
  </testcase> <!-- navigateToPDPTest -->
  <testcase classname="testcases.DalPulsesTest" name="addItemTest" time="0.252"/>
  <testcase classname="testcases.DalPulsesTest" name="addQuantityTest" time="10.251"/>
  <testcase classname="testcases.DalPulsesTest" name="cart" time="0.192"/>
  <testcase classname="testcases.DalPulsesTest" name="addQuantity1Test" time="20.251"/>
  <testcase classname="testcases.DalPulsesTest" name="placeOrderTest" time="14.067"/>
  <testcase classname="testcases.DalPulsesTest" name="removeProductTest" time="40.897"/>
  <testcase classname="testcases.GheeOilsTest" name="mouseOverTest" time="0.636"/>
  <testcase classname="testcases.GheeOilsTest" name="popularitySortTest" time="5.523"/>
  <testcase classname="testcases.GheeOilsTest" name="lowToHighSortTest" time="10.898"/>
  <testcase classname="testcases.GheeOilsTest" name="highToLowSortTest" time="10.55"/>
  <testcase classname="testcases.GheeOilsTest" name="discountSortTest" time="15.455"/>
  <testcase classname="testcases.AttaTest" name="filterBrandTest" time="10.731"/>
  <testcase classname="testcases.AttaTest" name="availabilityTest" time="1.001"/>
  <testcase classname="testcases.AttaTest" name="backToGroceryTest" time="2.709"/>
</testsuite> <!-- Test -->
